<?xml version="1.0" encoding="UTF-8"?>
<!-- Generated by org.testng.reporters.JUnitReportReporter -->
<testsuite skipped="0" hostname="Kanwar07" name="com.parameters.test.ParamterTest" tests="1" failures="0" timestamp="09 May 2021 10:45:12 GMT" time="10.231" errors="0">
  <testcase name="YahooLoginTest" time="10.231" classname="com.parameters.test.ParamterTest"/>
</testsuite> <!-- com.parameters.test.ParamterTest -->
