<?xml version="1.0" encoding="UTF-8"?>
<!-- Generated by org.testng.reporters.JUnitReportReporter -->
<testsuite skipped="0" hostname="Kanwar07" name="TestNG_Completecourse.InnvocationKeyword" tests="5" failures="0" timestamp="09 May 2021 07:35:54 GMT" time="0.016" errors="0">
  <testcase name="GetUrl" time="0.000" classname="TestNG_Completecourse.InnvocationKeyword"/>
  <testcase name="GetUrl" time="0.000" classname="TestNG_Completecourse.InnvocationKeyword"/>
  <testcase name="GetUrl" time="0.016" classname="TestNG_Completecourse.InnvocationKeyword"/>
  <testcase name="GetUrl" time="0.000" classname="TestNG_Completecourse.InnvocationKeyword"/>
  <testcase name="GetUrl" time="0.000" classname="TestNG_Completecourse.InnvocationKeyword"/>
</testsuite> <!-- TestNG_Completecourse.InnvocationKeyword -->
