<?xml version="1.0" encoding="UTF-8"?>
<!-- Generated by org.testng.reporters.JUnitReportReporter -->
<testsuite skipped="0" hostname="Kanwar07" name="TestNG_Completecourse.TestNGBasics" tests="4" failures="0" timestamp="08 May 2021 10:51:53 GMT" time="20.091" errors="0">
  <testcase name="GoogleTitle" time="3.670" classname="TestNG_Completecourse.TestNGBasics"/>
  <testcase name="GooglUrl" time="3.679" classname="TestNG_Completecourse.TestNGBasics"/>
  <testcase name="TestGoogleSearchdisplayed" time="3.805" classname="TestNG_Completecourse.TestNGBasics"/>
  <testcase name="Testlink" time="8.937" classname="TestNG_Completecourse.TestNGBasics"/>
</testsuite> <!-- TestNG_Completecourse.TestNGBasics -->
